<?xml version="1.0" encoding="UTF-8"?>
<!-- Generated by org.testng.reporters.JUnitReportReporter -->
<testsuite hostname="DESKTOP-IGEDSSU" failures="0" tests="5" name="Excel_Technologies_Ltd.com.Excel_Technologies_Ltd.loginpanel2" time="109.146" errors="0" timestamp="2024-05-23T14:01:58 BDT" skipped="0">
  <testcase classname="Excel_Technologies_Ltd.com.Excel_Technologies_Ltd.loginpanel2" name="signin" time="19.019"/>
  <testcase classname="Excel_Technologies_Ltd.com.Excel_Technologies_Ltd.loginpanel2" name="selcetFaculty" time="15.864"/>
  <testcase classname="Excel_Technologies_Ltd.com.Excel_Technologies_Ltd.loginpanel2" name="searchoraddpatients" time="10.539"/>
  <testcase classname="Excel_Technologies_Ltd.com.Excel_Technologies_Ltd.loginpanel2" name="servicepont" time="6.345"/>
  <testcase classname="Excel_Technologies_Ltd.com.Excel_Technologies_Ltd.loginpanel2" name="patientInformation" time="57.379"/>
</testsuite> <!-- Excel_Technologies_Ltd.com.Excel_Technologies_Ltd.loginpanel2 -->
