<?xml version="1.0" encoding="UTF-8"?>
<!-- Generated by org.testng.reporters.JUnitReportReporter -->
<testsuite hostname="DESKTOP-IGEDSSU" failures="0" tests="5" name="Excel_Technologies_Ltd.com.Excel_Technologies_Ltd.loginpanel" time="63.069" errors="1" timestamp="2024-05-22T12:11:16 BDT" skipped="0">
  <testcase classname="Excel_Technologies_Ltd.com.Excel_Technologies_Ltd.loginpanel" name="signin" time="18.676"/>
  <testcase classname="Excel_Technologies_Ltd.com.Excel_Technologies_Ltd.loginpanel" name="selcetFaculty" time="15.993"/>
  <testcase classname="Excel_Technologies_Ltd.com.Excel_Technologies_Ltd.loginpanel" name="searchoraddpatients" time="10.535"/>
  <testcase classname="Excel_Technologies_Ltd.com.Excel_Technologies_Ltd.loginpanel" name="servicepont" time="4.246"/>
  <testcase classname="Excel_Technologies_Ltd.com.Excel_Technologies_Ltd.loginpanel" name="patientInformation" time="13.619">
    <error message="Index 11 out of bounds for length 11" type="java.lang.ArrayIndexOutOfBoundsException">
      <![CDATA[java.lang.ArrayIndexOutOfBoundsException: Index 11 out of bounds for length 11
at Excel_Technologies_Ltd.com.Excel_Technologies_Ltd.loginpanel.patientInformation(loginpanel.java:133)
at java.base/jdk.internal.reflect.NativeMethodAccessorImpl.invoke0(Native Method)
at java.base/jdk.internal.reflect.NativeMethodAccessorImpl.invoke(NativeMethodAccessorImpl.java:77)
at java.base/jdk.internal.reflect.DelegatingMethodAccessorImpl.invoke(DelegatingMethodAccessorImpl.java:43)
at java.base/java.lang.reflect.Method.invoke(Method.java:568)
at org.testng.internal.invokers.MethodInvocationHelper.invokeMethod(MethodInvocationHelper.java:139)
at org.testng.internal.invokers.TestInvoker.invokeMethod(TestInvoker.java:664)
at org.testng.internal.invokers.TestInvoker.invokeTestMethod(TestInvoker.java:228)
at org.testng.internal.invokers.MethodRunner.runInSequence(MethodRunner.java:63)
at org.testng.internal.invokers.TestInvoker$MethodInvocationAgent.invoke(TestInvoker.java:961)
at org.testng.internal.invokers.TestInvoker.invokeTestMethods(TestInvoker.java:201)
at org.testng.internal.invokers.TestMethodWorker.invokeTestMethods(TestMethodWorker.java:148)
at org.testng.internal.invokers.TestMethodWorker.run(TestMethodWorker.java:128)
at java.base/java.util.ArrayList.forEach(ArrayList.java:1511)
at org.testng.TestRunner.privateRun(TestRunner.java:819)
at org.testng.TestRunner.run(TestRunner.java:619)
at org.testng.SuiteRunner.runTest(SuiteRunner.java:443)
at org.testng.SuiteRunner.runSequentially(SuiteRunner.java:437)
at org.testng.SuiteRunner.privateRun(SuiteRunner.java:397)
at org.testng.SuiteRunner.run(SuiteRunner.java:336)
at org.testng.SuiteRunnerWorker.runSuite(SuiteRunnerWorker.java:52)
at org.testng.SuiteRunnerWorker.run(SuiteRunnerWorker.java:95)
at org.testng.TestNG.runSuitesSequentially(TestNG.java:1301)
at org.testng.TestNG.runSuitesLocally(TestNG.java:1228)
at org.testng.TestNG.runSuites(TestNG.java:1134)
at org.testng.TestNG.run(TestNG.java:1101)
at org.testng.remote.AbstractRemoteTestNG.run(AbstractRemoteTestNG.java:115)
at org.testng.remote.RemoteTestNG.initAndRun(RemoteTestNG.java:251)
at org.testng.remote.RemoteTestNG.main(RemoteTestNG.java:77)
]]>
    </error>
  </testcase> <!-- patientInformation -->
</testsuite> <!-- Excel_Technologies_Ltd.com.Excel_Technologies_Ltd.loginpanel -->
