<?xml version="1.0" encoding="UTF-8"?>
<!-- Generated by org.testng.reporters.JUnitReportReporter -->
<testsuite hostname="DESKTOP-IGEDSSU" failures="0" tests="5" name="Excel_Technologies_Ltd.com.Excel_Technologies_Ltd.Cutting_Edge_Hospital_Management" time="113.393" errors="0" timestamp="2024-05-23T14:12:35 BDT" skipped="0">
  <testcase classname="Excel_Technologies_Ltd.com.Excel_Technologies_Ltd.Cutting_Edge_Hospital_Management" name="signin" time="23.966"/>
  <testcase classname="Excel_Technologies_Ltd.com.Excel_Technologies_Ltd.Cutting_Edge_Hospital_Management" name="selcetFaculty" time="15.527"/>
  <testcase classname="Excel_Technologies_Ltd.com.Excel_Technologies_Ltd.Cutting_Edge_Hospital_Management" name="searchoraddpatients" time="10.626"/>
  <testcase classname="Excel_Technologies_Ltd.com.Excel_Technologies_Ltd.Cutting_Edge_Hospital_Management" name="servicepont" time="6.284"/>
  <testcase classname="Excel_Technologies_Ltd.com.Excel_Technologies_Ltd.Cutting_Edge_Hospital_Management" name="patientInformation" time="56.990"/>
</testsuite> <!-- Excel_Technologies_Ltd.com.Excel_Technologies_Ltd.Cutting_Edge_Hospital_Management -->
